0 info it worked if it ends with ok
1 verbose cli [ 'C:\\Program Files\\nodejs\\node.exe',
1 verbose cli   'C:\\Users\\Yang\\AppData\\Roaming\\npm\\node_modules\\npm\\bin\\npm-cli.js',
1 verbose cli   'start' ]
2 info using npm@4.1.2
3 info using node@v6.9.4
4 verbose run-script [ 'prestart', 'start', 'poststart' ]
5 info lifecycle yinbao@1.0.0~prestart: yinbao@1.0.0
6 silly lifecycle yinbao@1.0.0~prestart: no script for prestart, continuing
7 info lifecycle yinbao@1.0.0~start: yinbao@1.0.0
8 verbose lifecycle yinbao@1.0.0~start: unsafe-perm in lifecycle true
9 verbose lifecycle yinbao@1.0.0~start: PATH: C:\Users\Yang\AppData\Roaming\npm\node_modules\npm\bin\node-gyp-bin;Q:\02-cpguard-CODE\webtrunk\node_modules\.bin;C:\Program Files (x86)\Common Files\NetSarang;C:\ProgramData\Oracle\Java\javapath;C:\app\Yang\product\11.2.0\client_1\bin;C:\app\Yang\product\11.2.0\client_1;C:\Program Files (x86)\NVIDIA Corporation\PhysX\Common;C:\Program Files (x86)\Intel\iCLS Client\;C:\Program Files\Intel\iCLS Client\;C:\Windows\system32;C:\Windows;C:\Windows\System32\Wbem;C:\Windows\System32\WindowsPowerShell\v1.0\;C:\Program Files\Intel\Intel(R) Management Engine Components\DAL;C:\Program Files (x86)\Intel\Intel(R) Management Engine Components\DAL;C:\Program Files\Intel\Intel(R) Management Engine Components\IPT;C:\Program Files (x86)\Intel\Intel(R) Management Engine Components\IPT;C:\Program Files\Lenovo\Fingerprint Manager Pro\;C:\Program Files (x86)\Common Files\Lenovo;C:\Program Files\Condusiv Technologies\ExpressCache\;C:\SWTOOLS\ReadyApps;c:\Program Files (x86)\Microsoft SQL Server\100\Tools\Binn\;c:\Program Files\Microsoft SQL Server\100\Tools\Binn\;c:\Program Files\Microsoft SQL Server\100\DTS\Binn\;C:\Program Files (x86)\VisualSVN\bin;C:\Program Files\TortoiseSVN\binC:\Program Files\Java\jdk1.7.0_25\bin;C:\Program Files\Java\jdk1.7.0_25\jre\bin;C:\Program Files (x86)\DIPE\bin\spatialite-4.0.0-DLL-win-x86;C:\Program Files\Intel\WiFi\bin\;C:\Program Files\Common Files\Intel\WirelessCommon\;C:\Program Files (x86)\DIPE\bin\spatialite-4.0.0-DLL-win-x86;C:\Program Files (x86)\DIPE\bin\spatialite-4.0.0-DLL-win-x86;C:\Program Files\Microsoft SQL Server\120\Tools\Binn\;%USERPROFILE%\.dnx\bin;C:\Program Files\Microsoft DNX\Dnvm\;C:\Program Files\Microsoft SQL Server\130\Tools\Binn\;C:\Program Files (x86)\Microsoft SQL Server\100\Tools\Binn\VSShell\Common7\IDE\;C:\Program Files (x86)\Microsoft SQL Server\100\DTS\Binn\;C:\Program Files (x86)\Skype\Phone\;C:\Program Files\Git\cmd;C:\Program Files\nodejs\;C:\Program Files\apache-maven-3.5.0\bin
10 verbose lifecycle yinbao@1.0.0~start: CWD: Q:\02-cpguard-CODE\webtrunk
11 silly lifecycle yinbao@1.0.0~start: Args: [ '/d /s /c', 'concurrently  "node proxy.js" ' ]
12 silly lifecycle yinbao@1.0.0~start: Returned: code: 1  signal: null
13 info lifecycle yinbao@1.0.0~start: Failed to exec start script
14 verbose stack Error: yinbao@1.0.0 start: `concurrently  "node proxy.js" `
14 verbose stack Exit status 1
14 verbose stack     at EventEmitter.<anonymous> (C:\Users\Yang\AppData\Roaming\npm\node_modules\npm\lib\utils\lifecycle.js:279:16)
14 verbose stack     at emitTwo (events.js:106:13)
14 verbose stack     at EventEmitter.emit (events.js:191:7)
14 verbose stack     at ChildProcess.<anonymous> (C:\Users\Yang\AppData\Roaming\npm\node_modules\npm\lib\utils\spawn.js:40:14)
14 verbose stack     at emitTwo (events.js:106:13)
14 verbose stack     at ChildProcess.emit (events.js:191:7)
14 verbose stack     at maybeClose (internal/child_process.js:877:16)
14 verbose stack     at Process.ChildProcess._handle.onexit (internal/child_process.js:226:5)
15 verbose pkgid yinbao@1.0.0
16 verbose cwd Q:\02-cpguard-CODE\webtrunk
17 error Windows_NT 6.1.7601
18 error argv "C:\\Program Files\\nodejs\\node.exe" "C:\\Users\\Yang\\AppData\\Roaming\\npm\\node_modules\\npm\\bin\\npm-cli.js" "start"
19 error node v6.9.4
20 error npm  v4.1.2
21 error code ELIFECYCLE
22 error yinbao@1.0.0 start: `concurrently  "node proxy.js" `
22 error Exit status 1
23 error Failed at the yinbao@1.0.0 start script 'concurrently  "node proxy.js" '.
23 error Make sure you have the latest version of node.js and npm installed.
23 error If you do, this is most likely a problem with the yinbao package,
23 error not with npm itself.
23 error Tell the author that this fails on your system:
23 error     concurrently  "node proxy.js"
23 error You can get information on how to open an issue for this project with:
23 error     npm bugs yinbao
23 error Or if that isn't available, you can get their info via:
23 error     npm owner ls yinbao
23 error There is likely additional logging output above.
24 verbose exit [ 1, true ]
